<?xml version="1.0" ?>
<!DOCTYPE coverage SYSTEM "http://cobertura.sourceforge.net/xml/coverage-04.dtd">
<coverage lines-valid="289"  lines-covered="100"  line-rate="0.34600000000000003"  branches-valid="78"  branches-covered="3"  branch-rate="0.0385"  timestamp="1469804221442" complexity="0" version="0.1">
<sources>
	<source>c:\cleber.programmer\rex</source>
</sources>
<packages>
	<package name="dist"  line-rate="0.34600000000000003"  branch-rate="0.0385" >
	<classes>
		<class name="rex.js"  filename="dist\rex.js"  line-rate="0.34600000000000003"  branch-rate="0.0385" >
		<methods>
			<method name="(anonymous_1)"  hits="1"  signature="()V" >
				<lines><line number="3"  hits="1" /></lines>
			</method>
			<method name="Rex"  hits="126"  signature="()V" >
				<lines><line number="10"  hits="126" /></lines>
			</method>
			<method name="onload"  hits="0"  signature="()V" >
				<lines><line number="17"  hits="0" /></lines>
			</method>
			<method name="(anonymous_4)"  hits="0"  signature="()V" >
				<lines><line number="18"  hits="0" /></lines>
			</method>
			<method name="get"  hits="0"  signature="()V" >
				<lines><line number="30"  hits="0" /></lines>
			</method>
			<method name="(anonymous_6)"  hits="0"  signature="()V" >
				<lines><line number="37"  hits="0" /></lines>
			</method>
			<method name="(anonymous_7)"  hits="0"  signature="()V" >
				<lines><line number="44"  hits="0" /></lines>
			</method>
			<method name="(anonymous_8)"  hits="0"  signature="()V" >
				<lines><line number="51"  hits="0" /></lines>
			</method>
			<method name="(anonymous_9)"  hits="0"  signature="()V" >
				<lines><line number="59"  hits="0" /></lines>
			</method>
			<method name="(anonymous_10)"  hits="0"  signature="()V" >
				<lines><line number="60"  hits="0" /></lines>
			</method>
			<method name="(anonymous_11)"  hits="0"  signature="()V" >
				<lines><line number="68"  hits="0" /></lines>
			</method>
			<method name="(anonymous_12)"  hits="0"  signature="()V" >
				<lines><line number="75"  hits="0" /></lines>
			</method>
			<method name="(anonymous_13)"  hits="0"  signature="()V" >
				<lines><line number="82"  hits="0" /></lines>
			</method>
			<method name="(anonymous_14)"  hits="0"  signature="()V" >
				<lines><line number="89"  hits="0" /></lines>
			</method>
			<method name="(anonymous_15)"  hits="0"  signature="()V" >
				<lines><line number="96"  hits="0" /></lines>
			</method>
			<method name="(anonymous_16)"  hits="0"  signature="()V" >
				<lines><line number="108"  hits="0" /></lines>
			</method>
			<method name="(anonymous_17)"  hits="0"  signature="()V" >
				<lines><line number="113"  hits="0" /></lines>
			</method>
			<method name="(anonymous_18)"  hits="0"  signature="()V" >
				<lines><line number="118"  hits="0" /></lines>
			</method>
			<method name="(anonymous_19)"  hits="1"  signature="()V" >
				<lines><line number="127"  hits="1" /></lines>
			</method>
			<method name="sliceIterator"  hits="0"  signature="()V" >
				<lines><line number="127"  hits="0" /></lines>
			</method>
			<method name="(anonymous_21)"  hits="0"  signature="()V" >
				<lines><line number="127"  hits="0" /></lines>
			</method>
			<method name="(anonymous_22)"  hits="0"  signature="()V" >
				<lines><line number="129"  hits="0" /></lines>
			</method>
			<method name="(anonymous_23)"  hits="0"  signature="()V" >
				<lines><line number="136"  hits="0" /></lines>
			</method>
			<method name="(anonymous_24)"  hits="0"  signature="()V" >
				<lines><line number="141"  hits="0" /></lines>
			</method>
			<method name="(anonymous_25)"  hits="0"  signature="()V" >
				<lines><line number="174"  hits="0" /></lines>
			</method>
			<method name="(anonymous_26)"  hits="0"  signature="()V" >
				<lines><line number="183"  hits="0" /></lines>
			</method>
			<method name="(anonymous_27)"  hits="0"  signature="()V" >
				<lines><line number="190"  hits="0" /></lines>
			</method>
			<method name="(anonymous_28)"  hits="0"  signature="()V" >
				<lines><line number="203"  hits="0" /></lines>
			</method>
			<method name="curry"  hits="0"  signature="()V" >
				<lines><line number="204"  hits="0" /></lines>
			</method>
			<method name="(anonymous_30)"  hits="0"  signature="()V" >
				<lines><line number="216"  hits="0" /></lines>
			</method>
			<method name="(anonymous_31)"  hits="0"  signature="()V" >
				<lines><line number="225"  hits="0" /></lines>
			</method>
			<method name="(anonymous_32)"  hits="1"  signature="()V" >
				<lines><line number="232"  hits="1" /></lines>
			</method>
			<method name="(anonymous_33)"  hits="70"  signature="()V" >
				<lines><line number="244"  hits="70" /></lines>
			</method>
			<method name="(anonymous_34)"  hits="0"  signature="()V" >
				<lines><line number="245"  hits="0" /></lines>
			</method>
			<method name="(anonymous_35)"  hits="0"  signature="()V" >
				<lines><line number="246"  hits="0" /></lines>
			</method>
			<method name="(anonymous_36)"  hits="0"  signature="()V" >
				<lines><line number="258"  hits="0" /></lines>
			</method>
			<method name="(anonymous_37)"  hits="0"  signature="()V" >
				<lines><line number="271"  hits="0" /></lines>
			</method>
			<method name="(anonymous_38)"  hits="0"  signature="()V" >
				<lines><line number="279"  hits="0" /></lines>
			</method>
			<method name="(anonymous_39)"  hits="1"  signature="()V" >
				<lines><line number="286"  hits="1" /></lines>
			</method>
			<method name="sliceIterator"  hits="0"  signature="()V" >
				<lines><line number="286"  hits="0" /></lines>
			</method>
			<method name="(anonymous_41)"  hits="6"  signature="()V" >
				<lines><line number="286"  hits="6" /></lines>
			</method>
			<method name="(anonymous_42)"  hits="1"  signature="()V" >
				<lines><line number="288"  hits="1" /></lines>
			</method>
			<method name="(anonymous_43)"  hits="6"  signature="()V" >
				<lines><line number="299"  hits="6" /></lines>
			</method>
			<method name="(anonymous_44)"  hits="0"  signature="()V" >
				<lines><line number="304"  hits="0" /></lines>
			</method>
			<method name="(anonymous_45)"  hits="0"  signature="()V" >
				<lines><line number="306"  hits="0" /></lines>
			</method>
			<method name="(anonymous_46)"  hits="0"  signature="()V" >
				<lines><line number="314"  hits="0" /></lines>
			</method>
			<method name="(anonymous_47)"  hits="0"  signature="()V" >
				<lines><line number="324"  hits="0" /></lines>
			</method>
			<method name="(anonymous_48)"  hits="0"  signature="()V" >
				<lines><line number="326"  hits="0" /></lines>
			</method>
			<method name="(anonymous_49)"  hits="0"  signature="()V" >
				<lines><line number="334"  hits="0" /></lines>
			</method>
			<method name="(anonymous_50)"  hits="0"  signature="()V" >
				<lines><line number="345"  hits="0" /></lines>
			</method>
			<method name="(anonymous_51)"  hits="0"  signature="()V" >
				<lines><line number="351"  hits="0" /></lines>
			</method>
			<method name="(anonymous_52)"  hits="1"  signature="()V" >
				<lines><line number="358"  hits="1" /></lines>
			</method>
			<method name="sliceIterator"  hits="0"  signature="()V" >
				<lines><line number="358"  hits="0" /></lines>
			</method>
			<method name="(anonymous_54)"  hits="13"  signature="()V" >
				<lines><line number="358"  hits="13" /></lines>
			</method>
			<method name="(anonymous_55)"  hits="1"  signature="()V" >
				<lines><line number="360"  hits="1" /></lines>
			</method>
			<method name="(anonymous_56)"  hits="13"  signature="()V" >
				<lines><line number="372"  hits="13" /></lines>
			</method>
			<method name="(anonymous_57)"  hits="0"  signature="()V" >
				<lines><line number="377"  hits="0" /></lines>
			</method>
			<method name="(anonymous_58)"  hits="0"  signature="()V" >
				<lines><line number="384"  hits="0" /></lines>
			</method>
			<method name="(anonymous_59)"  hits="0"  signature="()V" >
				<lines><line number="393"  hits="0" /></lines>
			</method>
			<method name="(anonymous_60)"  hits="0"  signature="()V" >
				<lines><line number="398"  hits="0" /></lines>
			</method>
			<method name="(anonymous_61)"  hits="0"  signature="()V" >
				<lines><line number="410"  hits="0" /></lines>
			</method>
			<method name="(anonymous_62)"  hits="0"  signature="()V" >
				<lines><line number="420"  hits="0" /></lines>
			</method>
			<method name="(anonymous_63)"  hits="0"  signature="()V" >
				<lines><line number="427"  hits="0" /></lines>
			</method>
			<method name="(anonymous_64)"  hits="0"  signature="()V" >
				<lines><line number="440"  hits="0" /></lines>
			</method>
			<method name="(anonymous_65)"  hits="0"  signature="()V" >
				<lines><line number="447"  hits="0" /></lines>
			</method>
			<method name="(anonymous_66)"  hits="0"  signature="()V" >
				<lines><line number="454"  hits="0" /></lines>
			</method>
			<method name="(anonymous_67)"  hits="0"  signature="()V" >
				<lines><line number="460"  hits="0" /></lines>
			</method>
			<method name="(anonymous_68)"  hits="0"  signature="()V" >
				<lines><line number="467"  hits="0" /></lines>
			</method>
			<method name="(anonymous_69)"  hits="0"  signature="()V" >
				<lines><line number="480"  hits="0" /></lines>
			</method>
			<method name="(anonymous_70)"  hits="0"  signature="()V" >
				<lines><line number="487"  hits="0" /></lines>
			</method>
			<method name="(anonymous_71)"  hits="0"  signature="()V" >
				<lines><line number="488"  hits="0" /></lines>
			</method>
			<method name="(anonymous_72)"  hits="0"  signature="()V" >
				<lines><line number="496"  hits="0" /></lines>
			</method>
			<method name="(anonymous_73)"  hits="0"  signature="()V" >
				<lines><line number="503"  hits="0" /></lines>
			</method>
			<method name="(anonymous_74)"  hits="0"  signature="()V" >
				<lines><line number="510"  hits="0" /></lines>
			</method>
			<method name="(anonymous_75)"  hits="0"  signature="()V" >
				<lines><line number="519"  hits="0" /></lines>
			</method>
			<method name="(anonymous_76)"  hits="0"  signature="()V" >
				<lines><line number="528"  hits="0" /></lines>
			</method>
			<method name="(anonymous_77)"  hits="0"  signature="()V" >
				<lines><line number="539"  hits="0" /></lines>
			</method>
			<method name="(anonymous_78)"  hits="0"  signature="()V" >
				<lines><line number="546"  hits="0" /></lines>
			</method>
			<method name="(anonymous_79)"  hits="0"  signature="()V" >
				<lines><line number="552"  hits="0" /></lines>
			</method>
			<method name="(anonymous_80)"  hits="0"  signature="()V" >
				<lines><line number="559"  hits="0" /></lines>
			</method>
			<method name="(anonymous_81)"  hits="0"  signature="()V" >
				<lines><line number="573"  hits="0" /></lines>
			</method>
			<method name="(anonymous_82)"  hits="0"  signature="()V" >
				<lines><line number="580"  hits="0" /></lines>
			</method>
			<method name="(anonymous_83)"  hits="0"  signature="()V" >
				<lines><line number="589"  hits="0" /></lines>
			</method>
			<method name="(anonymous_84)"  hits="0"  signature="()V" >
				<lines><line number="596"  hits="0" /></lines>
			</method>
			<method name="(anonymous_85)"  hits="0"  signature="()V" >
				<lines><line number="604"  hits="0" /></lines>
			</method>
			<method name="_defineProperty"  hits="0"  signature="()V" >
				<lines><line number="611"  hits="0" /></lines>
			</method>
			<method name="(anonymous_87)"  hits="0"  signature="()V" >
				<lines><line number="613"  hits="0" /></lines>
			</method>
			<method name="(anonymous_88)"  hits="0"  signature="()V" >
				<lines><line number="621"  hits="0" /></lines>
			</method>
			<method name="(anonymous_89)"  hits="0"  signature="()V" >
				<lines><line number="628"  hits="0" /></lines>
			</method>
			<method name="(anonymous_90)"  hits="0"  signature="()V" >
				<lines><line number="636"  hits="0" /></lines>
			</method>
			<method name="(anonymous_91)"  hits="0"  signature="()V" >
				<lines><line number="643"  hits="0" /></lines>
			</method>
			<method name="(anonymous_92)"  hits="0"  signature="()V" >
				<lines><line number="650"  hits="0" /></lines>
			</method>
			<method name="(anonymous_93)"  hits="0"  signature="()V" >
				<lines><line number="651"  hits="0" /></lines>
			</method>
			<method name="(anonymous_94)"  hits="0"  signature="()V" >
				<lines><line number="659"  hits="0" /></lines>
			</method>
			<method name="(anonymous_95)"  hits="0"  signature="()V" >
				<lines><line number="665"  hits="0" /></lines>
			</method>
			<method name="(anonymous_96)"  hits="0"  signature="()V" >
				<lines><line number="672"  hits="0" /></lines>
			</method>
			<method name="(anonymous_97)"  hits="0"  signature="()V" >
				<lines><line number="689"  hits="0" /></lines>
			</method>
			<method name="(anonymous_98)"  hits="0"  signature="()V" >
				<lines><line number="706"  hits="0" /></lines>
			</method>
			<method name="(anonymous_99)"  hits="0"  signature="()V" >
				<lines><line number="708"  hits="0" /></lines>
			</method>
			<method name="(anonymous_100)"  hits="0"  signature="()V" >
				<lines><line number="710"  hits="0" /></lines>
			</method>
			<method name="(anonymous_101)"  hits="0"  signature="()V" >
				<lines><line number="712"  hits="0" /></lines>
			</method>
			<method name="(anonymous_102)"  hits="0"  signature="()V" >
				<lines><line number="719"  hits="0" /></lines>
			</method>
			<method name="(anonymous_103)"  hits="0"  signature="()V" >
				<lines><line number="727"  hits="0" /></lines>
			</method>
			<method name="(anonymous_104)"  hits="0"  signature="()V" >
				<lines><line number="734"  hits="0" /></lines>
			</method>
			<method name="(anonymous_105)"  hits="0"  signature="()V" >
				<lines><line number="748"  hits="0" /></lines>
			</method>
			<method name="(anonymous_106)"  hits="0"  signature="()V" >
				<lines><line number="749"  hits="0" /></lines>
			</method>
			<method name="_defineProperty"  hits="0"  signature="()V" >
				<lines><line number="757"  hits="0" /></lines>
			</method>
			<method name="(anonymous_108)"  hits="0"  signature="()V" >
				<lines><line number="759"  hits="0" /></lines>
			</method>
			<method name="(anonymous_109)"  hits="0"  signature="()V" >
				<lines><line number="765"  hits="0" /></lines>
			</method>
		</methods>
		<lines>
			<line number="3"  hits="1"  branch="false" />
			<line number="4"  hits="1"  branch="false" />
			<line number="11"  hits="126"  branch="true"  condition-coverage="50% (1/2)" />
			<line number="18"  hits="0"  branch="false" />
			<line number="19"  hits="0"  branch="false" />
			<line number="31"  hits="0"  branch="true"  condition-coverage="0% (0/2)" />
			<line number="35"  hits="1"  branch="false" />
			<line number="37"  hits="1"  branch="false" />
			<line number="38"  hits="0"  branch="false" />
			<line number="45"  hits="0"  branch="false" />
			<line number="49"  hits="1"  branch="false" />
			<line number="51"  hits="1"  branch="false" />
			<line number="52"  hits="0"  branch="false" />
			<line number="60"  hits="0"  branch="false" />
			<line number="61"  hits="0"  branch="false" />
			<line number="66"  hits="1"  branch="false" />
			<line number="68"  hits="1"  branch="false" />
			<line number="69"  hits="0"  branch="false" />
			<line number="76"  hits="0"  branch="false" />
			<line number="80"  hits="1"  branch="false" />
			<line number="82"  hits="1"  branch="false" />
			<line number="83"  hits="0"  branch="false" />
			<line number="90"  hits="0"  branch="false" />
			<line number="94"  hits="1"  branch="false" />
			<line number="96"  hits="1"  branch="false" />
			<line number="97"  hits="0"  branch="false" />
			<line number="98"  hits="0"  branch="false" />
			<line number="99"  hits="0"  branch="false" />
			<line number="100"  hits="0"  branch="false" />
			<line number="101"  hits="0"  branch="false" />
			<line number="109"  hits="0"  branch="false" />
			<line number="110"  hits="0"  branch="false" />
			<line number="113"  hits="0"  branch="false" />
			<line number="114"  hits="0"  branch="false" />
			<line number="115"  hits="0"  branch="false" />
			<line number="118"  hits="0"  branch="false" />
			<line number="119"  hits="0"  branch="false" />
			<line number="125"  hits="1"  branch="false" />
			<line number="127"  hits="1"  branch="true"  condition-coverage="0% (0/14)" />
			<line number="129"  hits="1"  branch="false" />
			<line number="130"  hits="0"  branch="false" />
			<line number="137"  hits="0"  branch="false" />
			<line number="138"  hits="0"  branch="false" />
			<line number="141"  hits="0"  branch="false" />
			<line number="142"  hits="0"  branch="false" />
			<line number="143"  hits="0"  branch="false" />
			<line number="144"  hits="0"  branch="false" />
			<line number="146"  hits="0"  branch="false" />
			<line number="147"  hits="0"  branch="false" />
			<line number="148"  hits="0"  branch="false" />
			<line number="150"  hits="0"  branch="false" />
			<line number="151"  hits="0"  branch="false" />
			<line number="152"  hits="0"  branch="true"  condition-coverage="0% (0/2)" />
			<line number="155"  hits="0"  branch="false" />
			<line number="156"  hits="0"  branch="false" />
			<line number="158"  hits="0"  branch="false" />
			<line number="159"  hits="0"  branch="true"  condition-coverage="0% (0/4)" />
			<line number="160"  hits="0"  branch="false" />
			<line number="163"  hits="0"  branch="true"  condition-coverage="0% (0/2)" />
			<line number="164"  hits="0"  branch="false" />
			<line number="172"  hits="1"  branch="false" />
			<line number="174"  hits="1"  branch="false" />
			<line number="175"  hits="0"  branch="false" />
			<line number="176"  hits="0"  branch="false" />
			<line number="177"  hits="0"  branch="false" />
			<line number="184"  hits="0"  branch="false" />
			<line number="188"  hits="1"  branch="false" />
			<line number="190"  hits="1"  branch="false" />
			<line number="191"  hits="0"  branch="false" />
			<line number="192"  hits="0"  branch="false" />
			<line number="193"  hits="0"  branch="false" />
			<line number="194"  hits="0"  branch="false" />
			<line number="195"  hits="0"  branch="false" />
			<line number="196"  hits="0"  branch="false" />
			<line number="197"  hits="0"  branch="false" />
			<line number="204"  hits="0"  branch="false" />
			<line number="205"  hits="0"  branch="false" />
			<line number="206"  hits="0"  branch="false" />
			<line number="209"  hits="0"  branch="true"  condition-coverage="0% (0/2)" />
			<line number="214"  hits="1"  branch="false" />
			<line number="216"  hits="1"  branch="false" />
			<line number="217"  hits="0"  branch="false" />
			<line number="218"  hits="0"  branch="false" />
			<line number="219"  hits="0"  branch="false" />
			<line number="226"  hits="0"  branch="false" />
			<line number="230"  hits="1"  branch="false" />
			<line number="232"  hits="1"  branch="false" />
			<line number="234"  hits="1"  branch="false" />
			<line number="245"  hits="70"  branch="false" />
			<line number="246"  hits="0"  branch="false" />
			<line number="247"  hits="0"  branch="false" />
			<line number="248"  hits="0"  branch="false" />
			<line number="251"  hits="0"  branch="false" />
			<line number="256"  hits="1"  branch="false" />
			<line number="258"  hits="1"  branch="false" />
			<line number="259"  hits="0"  branch="false" />
			<line number="260"  hits="0"  branch="false" />
			<line number="269"  hits="1"  branch="false" />
			<line number="271"  hits="1"  branch="false" />
			<line number="272"  hits="0"  branch="false" />
			<line number="273"  hits="0"  branch="false" />
			<line number="280"  hits="0"  branch="false" />
			<line number="284"  hits="1"  branch="false" />
			<line number="286"  hits="6"  branch="true"  condition-coverage="7.142857142857142% (1/14)" />
			<line number="288"  hits="1"  branch="false" />
			<line number="289"  hits="1"  branch="false" />
			<line number="300"  hits="6"  branch="false" />
			<line number="302"  hits="6"  branch="false" />
			<line number="303"  hits="6"  branch="false" />
			<line number="304"  hits="6"  branch="false" />
			<line number="305"  hits="0"  branch="false" />
			<line number="306"  hits="0"  branch="false" />
			<line number="307"  hits="0"  branch="false" />
			<line number="312"  hits="1"  branch="false" />
			<line number="314"  hits="1"  branch="false" />
			<line number="315"  hits="0"  branch="false" />
			<line number="316"  hits="0"  branch="false" />
			<line number="317"  hits="0"  branch="false" />
			<line number="318"  hits="0"  branch="false" />
			<line number="325"  hits="0"  branch="true"  condition-coverage="0% (0/4)" />
			<line number="326"  hits="0"  branch="false" />
			<line number="327"  hits="0"  branch="true"  condition-coverage="0% (0/2)" />
			<line number="332"  hits="1"  branch="false" />
			<line number="334"  hits="1"  branch="false" />
			<line number="335"  hits="0"  branch="false" />
			<line number="343"  hits="1"  branch="false" />
			<line number="345"  hits="1"  branch="false" />
			<line number="346"  hits="0"  branch="false" />
			<line number="352"  hits="0"  branch="false" />
			<line number="356"  hits="1"  branch="false" />
			<line number="358"  hits="13"  branch="true"  condition-coverage="7.142857142857142% (1/14)" />
			<line number="360"  hits="1"  branch="false" />
			<line number="362"  hits="1"  branch="false" />
			<line number="373"  hits="13"  branch="false" />
			<line number="375"  hits="13"  branch="false" />
			<line number="376"  hits="13"  branch="false" />
			<line number="377"  hits="13"  branch="false" />
			<line number="378"  hits="0"  branch="false" />
			<line number="382"  hits="1"  branch="false" />
			<line number="384"  hits="1"  branch="false" />
			<line number="385"  hits="0"  branch="false" />
			<line number="386"  hits="0"  branch="false" />
			<line number="387"  hits="0"  branch="false" />
			<line number="394"  hits="0"  branch="false" />
			<line number="395"  hits="0"  branch="false" />
			<line number="398"  hits="0"  branch="false" />
			<line number="399"  hits="0"  branch="false" />
			<line number="400"  hits="0"  branch="false" />
			<line number="403"  hits="0"  branch="false" />
			<line number="408"  hits="1"  branch="false" />
			<line number="410"  hits="1"  branch="false" />
			<line number="411"  hits="0"  branch="false" />
			<line number="412"  hits="0"  branch="false" />
			<line number="413"  hits="0"  branch="false" />
			<line number="414"  hits="0"  branch="false" />
			<line number="421"  hits="0"  branch="false" />
			<line number="425"  hits="1"  branch="false" />
			<line number="427"  hits="1"  branch="false" />
			<line number="428"  hits="0"  branch="false" />
			<line number="429"  hits="0"  branch="false" />
			<line number="438"  hits="1"  branch="false" />
			<line number="440"  hits="1"  branch="false" />
			<line number="441"  hits="0"  branch="false" />
			<line number="448"  hits="0"  branch="false" />
			<line number="452"  hits="1"  branch="false" />
			<line number="454"  hits="1"  branch="false" />
			<line number="455"  hits="0"  branch="false" />
			<line number="461"  hits="0"  branch="false" />
			<line number="465"  hits="1"  branch="false" />
			<line number="467"  hits="1"  branch="false" />
			<line number="468"  hits="0"  branch="false" />
			<line number="469"  hits="0"  branch="false" />
			<line number="478"  hits="1"  branch="false" />
			<line number="480"  hits="1"  branch="false" />
			<line number="481"  hits="0"  branch="false" />
			<line number="488"  hits="0"  branch="false" />
			<line number="489"  hits="0"  branch="false" />
			<line number="494"  hits="1"  branch="false" />
			<line number="496"  hits="1"  branch="false" />
			<line number="497"  hits="0"  branch="false" />
			<line number="498"  hits="0"  branch="false" />
			<line number="504"  hits="0"  branch="false" />
			<line number="508"  hits="1"  branch="false" />
			<line number="510"  hits="1"  branch="false" />
			<line number="511"  hits="0"  branch="false" />
			<line number="512"  hits="0"  branch="false" />
			<line number="513"  hits="0"  branch="false" />
			<line number="514"  hits="0"  branch="false" />
			<line number="520"  hits="0"  branch="true"  condition-coverage="0% (0/4)" />
			<line number="521"  hits="0"  branch="true"  condition-coverage="0% (0/4)" />
			<line number="522"  hits="0"  branch="true"  condition-coverage="0% (0/2)" />
			<line number="526"  hits="1"  branch="false" />
			<line number="528"  hits="1"  branch="false" />
			<line number="529"  hits="0"  branch="false" />
			<line number="530"  hits="0"  branch="false" />
			<line number="531"  hits="0"  branch="false" />
			<line number="532"  hits="0"  branch="false" />
			<line number="533"  hits="0"  branch="false" />
			<line number="540"  hits="0"  branch="false" />
			<line number="544"  hits="1"  branch="false" />
			<line number="546"  hits="1"  branch="false" />
			<line number="547"  hits="0"  branch="false" />
			<line number="553"  hits="0"  branch="false" />
			<line number="557"  hits="1"  branch="false" />
			<line number="559"  hits="1"  branch="false" />
			<line number="560"  hits="0"  branch="false" />
			<line number="561"  hits="0"  branch="false" />
			<line number="562"  hits="0"  branch="false" />
			<line number="563"  hits="0"  branch="false" />
			<line number="564"  hits="0"  branch="false" />
			<line number="565"  hits="0"  branch="false" />
			<line number="566"  hits="0"  branch="false" />
			<line number="567"  hits="0"  branch="false" />
			<line number="568"  hits="0"  branch="false" />
			<line number="574"  hits="0"  branch="false" />
			<line number="578"  hits="1"  branch="false" />
			<line number="580"  hits="1"  branch="false" />
			<line number="581"  hits="0"  branch="false" />
			<line number="582"  hits="0"  branch="false" />
			<line number="583"  hits="0"  branch="false" />
			<line number="590"  hits="0"  branch="false" />
			<line number="594"  hits="1"  branch="false" />
			<line number="596"  hits="1"  branch="false" />
			<line number="597"  hits="0"  branch="false" />
			<line number="598"  hits="0"  branch="false" />
			<line number="605"  hits="0"  branch="false" />
			<line number="609"  hits="1"  branch="false" />
			<line number="611"  hits="1"  branch="true"  condition-coverage="0% (0/2)" />
			<line number="613"  hits="1"  branch="false" />
			<line number="614"  hits="0"  branch="false" />
			<line number="615"  hits="0"  branch="false" />
			<line number="616"  hits="0"  branch="false" />
			<line number="622"  hits="0"  branch="false" />
			<line number="626"  hits="1"  branch="false" />
			<line number="628"  hits="1"  branch="false" />
			<line number="629"  hits="0"  branch="false" />
			<line number="630"  hits="0"  branch="false" />
			<line number="637"  hits="0"  branch="true"  condition-coverage="0% (0/2)" />
			<line number="641"  hits="1"  branch="false" />
			<line number="643"  hits="1"  branch="false" />
			<line number="644"  hits="0"  branch="false" />
			<line number="651"  hits="0"  branch="false" />
			<line number="652"  hits="0"  branch="false" />
			<line number="657"  hits="1"  branch="false" />
			<line number="659"  hits="1"  branch="false" />
			<line number="660"  hits="0"  branch="false" />
			<line number="666"  hits="0"  branch="false" />
			<line number="670"  hits="1"  branch="false" />
			<line number="672"  hits="1"  branch="false" />
			<line number="673"  hits="0"  branch="false" />
			<line number="674"  hits="0"  branch="false" />
			<line number="675"  hits="0"  branch="false" />
			<line number="676"  hits="0"  branch="false" />
			<line number="677"  hits="0"  branch="false" />
			<line number="678"  hits="0"  branch="false" />
			<line number="687"  hits="1"  branch="false" />
			<line number="689"  hits="1"  branch="false" />
			<line number="690"  hits="0"  branch="false" />
			<line number="691"  hits="0"  branch="false" />
			<line number="692"  hits="0"  branch="false" />
			<line number="693"  hits="0"  branch="false" />
			<line number="694"  hits="0"  branch="false" />
			<line number="695"  hits="0"  branch="false" />
			<line number="696"  hits="0"  branch="false" />
			<line number="697"  hits="0"  branch="false" />
			<line number="698"  hits="0"  branch="false" />
			<line number="699"  hits="0"  branch="false" />
			<line number="700"  hits="0"  branch="false" />
			<line number="707"  hits="0"  branch="false" />
			<line number="709"  hits="0"  branch="false" />
			<line number="711"  hits="0"  branch="false" />
			<line number="713"  hits="0"  branch="false" />
			<line number="717"  hits="1"  branch="false" />
			<line number="719"  hits="1"  branch="false" />
			<line number="720"  hits="0"  branch="false" />
			<line number="721"  hits="0"  branch="false" />
			<line number="728"  hits="0"  branch="false" />
			<line number="732"  hits="1"  branch="false" />
			<line number="734"  hits="1"  branch="false" />
			<line number="735"  hits="0"  branch="false" />
			<line number="736"  hits="0"  branch="false" />
			<line number="737"  hits="0"  branch="false" />
			<line number="749"  hits="0"  branch="false" />
			<line number="750"  hits="0"  branch="false" />
			<line number="755"  hits="1"  branch="false" />
			<line number="757"  hits="1"  branch="true"  condition-coverage="0% (0/2)" />
			<line number="759"  hits="1"  branch="false" />
			<line number="760"  hits="0"  branch="false" />
			<line number="766"  hits="0"  branch="false" />
		</lines>
		</class>
	</classes>
	</package>
</packages>
</coverage>
