{
"c:\\cleber.programmer\\rex\\src\\$.js":{"path":"c:\\cleber.programmer\\rex\\src\\$.js","s":{"1":1,"2":0,"3":0},"b":{},"f":{},"fnMap":{},"statementMap":{"1":{"start":{"line":1,"column":0},"end":{"line":8,"column":36}},"2":{"start":{"line":7,"column":1},"end":{"line":8,"column":34}},"3":{"start":{"line":8,"column":2},"end":{"line":8,"column":34}}},"branchMap":{},"l":{"1":1,"7":0,"8":0}},
"c:\\cleber.programmer\\rex\\src\\ECMAScript.js":{"path":"c:\\cleber.programmer\\rex\\src\\ECMAScript.js","s":{"1":1,"2":1,"3":70,"4":0,"5":0},"b":{},"f":{},"fnMap":{},"statementMap":{"1":{"start":{"line":1,"column":0},"end":{"line":86,"column":5}},"2":{"start":{"line":3,"column":2},"end":{"line":84,"column":84}},"3":{"start":{"line":84,"column":8},"end":{"line":84,"column":83}},"4":{"start":{"line":84,"column":26},"end":{"line":84,"column":82}},"5":{"start":{"line":84,"column":53},"end":{"line":84,"column":82}}},"branchMap":{},"l":{"1":1,"3":1,"84":70}},
"c:\\cleber.programmer\\rex\\src\\UUID.js":{"path":"c:\\cleber.programmer\\rex\\src\\UUID.js","s":{"1":1,"2":0,"3":0},"b":{},"f":{},"fnMap":{},"statementMap":{"1":{"start":{"line":1,"column":0},"end":{"line":7,"column":60}},"2":{"start":{"line":6,"column":1},"end":{"line":7,"column":58}},"3":{"start":{"line":7,"column":2},"end":{"line":7,"column":58}}},"branchMap":{},"l":{"1":1,"6":0,"7":0}},
"c:\\cleber.programmer\\rex\\src\\_.js":{"path":"c:\\cleber.programmer\\rex\\src\\_.js","s":{"1":1,"2":0},"b":{},"f":{},"fnMap":{},"statementMap":{"1":{"start":{"line":1,"column":0},"end":{"line":7,"column":9}},"2":{"start":{"line":7,"column":1},"end":{"line":7,"column":7}}},"branchMap":{},"l":{"1":1,"7":0}},
"c:\\cleber.programmer\\rex\\src\\always.js":{"path":"c:\\cleber.programmer\\rex\\src\\always.js","s":{"1":1,"2":0,"3":0,"4":0},"b":{},"f":{},"fnMap":{},"statementMap":{"1":{"start":{"line":1,"column":0},"end":{"line":9,"column":15}},"2":{"start":{"line":8,"column":1},"end":{"line":9,"column":13}},"3":{"start":{"line":9,"column":2},"end":{"line":9,"column":13}},"4":{"start":{"line":9,"column":8},"end":{"line":9,"column":13}}},"branchMap":{},"l":{"1":1,"8":0,"9":0}},
"c:\\cleber.programmer\\rex\\src\\apply.js":{"path":"c:\\cleber.programmer\\rex\\src\\apply.js","s":{"1":1,"2":0,"3":0},"b":{},"f":{},"fnMap":{},"statementMap":{"1":{"start":{"line":1,"column":0},"end":{"line":8,"column":42}},"2":{"start":{"line":7,"column":1},"end":{"line":8,"column":40}},"3":{"start":{"line":8,"column":2},"end":{"line":8,"column":40}}},"branchMap":{},"l":{"1":1,"7":0,"8":0}},
"c:\\cleber.programmer\\rex\\src\\assign.js":{"path":"c:\\cleber.programmer\\rex\\src\\assign.js","s":{"1":1,"2":0,"3":0},"b":{},"f":{},"fnMap":{},"statementMap":{"1":{"start":{"line":1,"column":0},"end":{"line":8,"column":34}},"2":{"start":{"line":7,"column":1},"end":{"line":8,"column":32}},"3":{"start":{"line":8,"column":2},"end":{"line":8,"column":32}}},"branchMap":{},"l":{"1":1,"7":0,"8":0}},
"c:\\cleber.programmer\\rex\\src\\compose.js":{"path":"c:\\cleber.programmer\\rex\\src\\compose.js","s":{"1":1,"2":0,"3":0,"4":0,"5":0},"b":{},"f":{},"fnMap":{},"statementMap":{"1":{"start":{"line":1,"column":0},"end":{"line":9,"column":111}},"2":{"start":{"line":8,"column":1},"end":{"line":9,"column":109}},"3":{"start":{"line":9,"column":2},"end":{"line":9,"column":109}},"4":{"start":{"line":9,"column":21},"end":{"line":9,"column":109}},"5":{"start":{"line":9,"column":66},"end":{"line":9,"column":96}}},"branchMap":{},"l":{"1":1,"8":0,"9":0}},
"c:\\cleber.programmer\\rex\\src\\cond.js":{"path":"c:\\cleber.programmer\\rex\\src\\cond.js","s":{"1":1,"2":0,"3":0,"4":0,"5":0,"6":0},"b":{"1":[0,0]},"f":{},"fnMap":{},"statementMap":{"1":{"start":{"line":1,"column":0},"end":{"line":9,"column":113}},"2":{"start":{"line":7,"column":1},"end":{"line":9,"column":111}},"3":{"start":{"line":8,"column":2},"end":{"line":9,"column":111}},"4":{"start":{"line":9,"column":3},"end":{"line":9,"column":110}},"5":{"start":{"line":9,"column":48},"end":{"line":9,"column":110}},"6":{"start":{"line":9,"column":73},"end":{"line":9,"column":110}}},"branchMap":{"1":{"line":9,"type":"if","locations":[{"start":{"line":9,"column":48},"end":{"line":9,"column":48}},{"start":{"line":9,"column":48},"end":{"line":9,"column":48}}]}},"l":{"1":1,"7":0,"8":0,"9":0}},
"c:\\cleber.programmer\\rex\\src\\contains.js":{"path":"c:\\cleber.programmer\\rex\\src\\contains.js","s":{"1":1,"2":0,"3":0},"b":{},"f":{},"fnMap":{},"statementMap":{"1":{"start":{"line":1,"column":0},"end":{"line":8,"column":44}},"2":{"start":{"line":7,"column":1},"end":{"line":8,"column":42}},"3":{"start":{"line":8,"column":2},"end":{"line":8,"column":42}}},"branchMap":{},"l":{"1":1,"7":0,"8":0}},
"c:\\cleber.programmer\\rex\\src\\curry.js":{"path":"c:\\cleber.programmer\\rex\\src\\curry.js","s":{"1":1,"2":0,"3":0,"4":0},"b":{"1":[0,0]},"f":{"1":0},"fnMap":{"1":{"name":"curry","line":8,"loc":{"start":{"line":8,"column":10},"end":{"line":8,"column":50}}}},"statementMap":{"1":{"start":{"line":1,"column":0},"end":{"line":9,"column":199}},"2":{"start":{"line":7,"column":1},"end":{"line":9,"column":197}},"3":{"start":{"line":8,"column":2},"end":{"line":9,"column":197}},"4":{"start":{"line":9,"column":3},"end":{"line":9,"column":166}}},"branchMap":{"1":{"line":9,"type":"cond-expr","locations":[{"start":{"line":9,"column":60},"end":{"line":9,"column":110}},{"start":{"line":9,"column":113},"end":{"line":9,"column":165}}]}},"l":{"1":1,"7":0,"8":0,"9":0}},
"c:\\cleber.programmer\\rex\\src\\defaultTo.js":{"path":"c:\\cleber.programmer\\rex\\src\\defaultTo.js","s":{"1":1,"2":0,"3":0},"b":{},"f":{},"fnMap":{},"statementMap":{"1":{"start":{"line":1,"column":0},"end":{"line":9,"column":29}},"2":{"start":{"line":7,"column":1},"end":{"line":9,"column":27}},"3":{"start":{"line":9,"column":3},"end":{"line":9,"column":26}}},"branchMap":{},"l":{"1":1,"7":0,"9":0}},
"c:\\cleber.programmer\\rex\\src\\f.js":{"path":"c:\\cleber.programmer\\rex\\src\\f.js","s":{"1":1,"2":0},"b":{},"f":{},"fnMap":{},"statementMap":{"1":{"start":{"line":1,"column":0},"end":{"line":7,"column":13}},"2":{"start":{"line":7,"column":1},"end":{"line":7,"column":11}}},"branchMap":{},"l":{"1":1,"7":0}},
"c:\\cleber.programmer\\rex\\src\\getter.js":{"path":"c:\\cleber.programmer\\rex\\src\\getter.js","s":{"1":1,"2":0,"3":0},"b":{},"f":{},"fnMap":{},"statementMap":{"1":{"start":{"line":1,"column":0},"end":{"line":8,"column":46}},"2":{"start":{"line":7,"column":1},"end":{"line":8,"column":44}},"3":{"start":{"line":8,"column":2},"end":{"line":8,"column":44}}},"branchMap":{},"l":{"1":1,"7":0,"8":0}},
"c:\\cleber.programmer\\rex\\src\\isHook.js":{"path":"c:\\cleber.programmer\\rex\\src\\isHook.js","s":{"1":1,"2":1,"3":6,"4":0,"5":0},"b":{},"f":{},"fnMap":{},"statementMap":{"1":{"start":{"line":1,"column":0},"end":{"line":22,"column":4}},"2":{"start":{"line":3,"column":2},"end":{"line":20,"column":97}},"3":{"start":{"line":20,"column":6},"end":{"line":20,"column":96}},"4":{"start":{"line":20,"column":30},"end":{"line":20,"column":95}},"5":{"start":{"line":20,"column":42},"end":{"line":20,"column":95}}},"branchMap":{},"l":{"1":1,"3":1,"20":6}},
"c:\\cleber.programmer\\rex\\src\\mapFormat.js":{"path":"c:\\cleber.programmer\\rex\\src\\mapFormat.js","s":{"1":1,"2":0,"3":0,"4":0},"b":{"1":[0,0]},"f":{},"fnMap":{},"statementMap":{"1":{"start":{"line":1,"column":0},"end":{"line":8,"column":107}},"2":{"start":{"line":7,"column":1},"end":{"line":8,"column":105}},"3":{"start":{"line":8,"column":2},"end":{"line":8,"column":105}},"4":{"start":{"line":8,"column":28},"end":{"line":8,"column":104}}},"branchMap":{"1":{"line":8,"type":"cond-expr","locations":[{"start":{"line":8,"column":77},"end":{"line":8,"column":97}},{"start":{"line":8,"column":100},"end":{"line":8,"column":104}}]}},"l":{"1":1,"7":0,"8":0}},
"c:\\cleber.programmer\\rex\\src\\max.js":{"path":"c:\\cleber.programmer\\rex\\src\\max.js","s":{"1":1,"2":0},"b":{},"f":{},"fnMap":{},"statementMap":{"1":{"start":{"line":1,"column":0},"end":{"line":6,"column":11}},"2":{"start":{"line":6,"column":1},"end":{"line":6,"column":9}}},"branchMap":{},"l":{"1":1,"6":0}},
"c:\\cleber.programmer\\rex\\src\\not.js":{"path":"c:\\cleber.programmer\\rex\\src\\not.js","s":{"1":1,"2":0,"3":0},"b":{},"f":{},"fnMap":{},"statementMap":{"1":{"start":{"line":1,"column":0},"end":{"line":7,"column":18}},"2":{"start":{"line":6,"column":1},"end":{"line":7,"column":16}},"3":{"start":{"line":7,"column":2},"end":{"line":7,"column":16}}},"branchMap":{},"l":{"1":1,"6":0,"7":0}},
"c:\\cleber.programmer\\rex\\src\\operators.js":{"path":"c:\\cleber.programmer\\rex\\src\\operators.js","s":{"1":1,"2":1,"3":13,"4":0},"b":{},"f":{},"fnMap":{},"statementMap":{"1":{"start":{"line":1,"column":0},"end":{"line":29,"column":5}},"2":{"start":{"line":3,"column":2},"end":{"line":27,"column":73}},"3":{"start":{"line":27,"column":6},"end":{"line":27,"column":72}},"4":{"start":{"line":27,"column":22},"end":{"line":27,"column":71}}},"branchMap":{},"l":{"1":1,"3":1,"27":13}},
"c:\\cleber.programmer\\rex\\src\\partial.js":{"path":"c:\\cleber.programmer\\rex\\src\\partial.js","s":{"1":1,"2":0,"3":0,"4":0},"b":{},"f":{},"fnMap":{},"statementMap":{"1":{"start":{"line":1,"column":0},"end":{"line":9,"column":35}},"2":{"start":{"line":7,"column":1},"end":{"line":9,"column":33}},"3":{"start":{"line":8,"column":2},"end":{"line":9,"column":33}},"4":{"start":{"line":9,"column":3},"end":{"line":9,"column":33}}},"branchMap":{},"l":{"1":1,"7":0,"8":0,"9":0}},
"c:\\cleber.programmer\\rex\\src\\repeat.js":{"path":"c:\\cleber.programmer\\rex\\src\\repeat.js","s":{"1":1,"2":0,"3":0},"b":{},"f":{},"fnMap":{},"statementMap":{"1":{"start":{"line":1,"column":0},"end":{"line":8,"column":58}},"2":{"start":{"line":7,"column":1},"end":{"line":8,"column":56}},"3":{"start":{"line":8,"column":2},"end":{"line":8,"column":56}}},"branchMap":{},"l":{"1":1,"7":0,"8":0}},
"c:\\cleber.programmer\\rex\\src\\t.js":{"path":"c:\\cleber.programmer\\rex\\src\\t.js","s":{"1":1,"2":0},"b":{},"f":{},"fnMap":{},"statementMap":{"1":{"start":{"line":1,"column":0},"end":{"line":7,"column":13}},"2":{"start":{"line":7,"column":1},"end":{"line":7,"column":11}}},"branchMap":{},"l":{"1":1,"7":0}},
"c:\\cleber.programmer\\rex\\src\\test.js":{"path":"c:\\cleber.programmer\\rex\\src\\test.js","s":{"1":1,"2":0,"3":0},"b":{},"f":{},"fnMap":{},"statementMap":{"1":{"start":{"line":1,"column":0},"end":{"line":8,"column":23}},"2":{"start":{"line":7,"column":1},"end":{"line":8,"column":21}},"3":{"start":{"line":8,"column":2},"end":{"line":8,"column":21}}},"branchMap":{},"l":{"1":1,"7":0,"8":0}},
"c:\\cleber.programmer\\rex\\src\\vDOM\\vAppendChild.js":{"path":"c:\\cleber.programmer\\rex\\src\\vDOM\\vAppendChild.js","s":{"1":1,"2":0,"3":0,"4":0},"b":{},"f":{},"fnMap":{},"statementMap":{"1":{"start":{"line":1,"column":0},"end":{"line":11,"column":52}},"2":{"start":{"line":7,"column":1},"end":{"line":11,"column":50}},"3":{"start":{"line":9,"column":3},"end":{"line":11,"column":48}},"4":{"start":{"line":11,"column":5},"end":{"line":11,"column":40}}},"branchMap":{},"l":{"1":1,"7":0,"9":0,"11":0}},
"c:\\cleber.programmer\\rex\\src\\vDOM\\vAppendNode.js":{"path":"c:\\cleber.programmer\\rex\\src\\vDOM\\vAppendNode.js","s":{"1":1,"2":0,"3":0},"b":{},"f":{},"fnMap":{},"statementMap":{"1":{"start":{"line":1,"column":0},"end":{"line":7,"column":53}},"2":{"start":{"line":6,"column":1},"end":{"line":7,"column":51}},"3":{"start":{"line":7,"column":2},"end":{"line":7,"column":51}}},"branchMap":{},"l":{"1":1,"6":0,"7":0}},
"c:\\cleber.programmer\\rex\\src\\vDOM\\vChildNodes.js":{"path":"c:\\cleber.programmer\\rex\\src\\vDOM\\vChildNodes.js","s":{"1":1,"2":0,"3":0},"b":{"1":[0,0]},"f":{},"fnMap":{},"statementMap":{"1":{"start":{"line":1,"column":0},"end":{"line":7,"column":67}},"2":{"start":{"line":6,"column":1},"end":{"line":7,"column":65}},"3":{"start":{"line":7,"column":2},"end":{"line":7,"column":65}}},"branchMap":{"1":{"line":7,"type":"cond-expr","locations":[{"start":{"line":7,"column":49},"end":{"line":7,"column":59}},{"start":{"line":7,"column":62},"end":{"line":7,"column":64}}]}},"l":{"1":1,"6":0,"7":0}},
"c:\\cleber.programmer\\rex\\src\\vDOM\\vCreateNode.js":{"path":"c:\\cleber.programmer\\rex\\src\\vDOM\\vCreateNode.js","s":{"1":1,"2":0,"3":0},"b":{},"f":{},"fnMap":{},"statementMap":{"1":{"start":{"line":1,"column":0},"end":{"line":10,"column":67}},"2":{"start":{"line":7,"column":1},"end":{"line":10,"column":65}},"3":{"start":{"line":8,"column":2},"end":{"line":10,"column":65}}},"branchMap":{},"l":{"1":1,"7":0,"8":0}},
"c:\\cleber.programmer\\rex\\src\\vDOM\\vCreateText.js":{"path":"c:\\cleber.programmer\\rex\\src\\vDOM\\vCreateText.js","s":{"1":1,"2":0,"3":0},"b":{},"f":{},"fnMap":{},"statementMap":{"1":{"start":{"line":1,"column":0},"end":{"line":7,"column":46}},"2":{"start":{"line":6,"column":1},"end":{"line":7,"column":44}},"3":{"start":{"line":7,"column":2},"end":{"line":7,"column":44}}},"branchMap":{},"l":{"1":1,"6":0,"7":0}},
"c:\\cleber.programmer\\rex\\src\\vDOM\\vExtendNode.js":{"path":"c:\\cleber.programmer\\rex\\src\\vDOM\\vExtendNode.js","s":{"1":1,"2":0,"3":0},"b":{},"f":{},"fnMap":{},"statementMap":{"1":{"start":{"line":1,"column":0},"end":{"line":9,"column":76}},"2":{"start":{"line":6,"column":1},"end":{"line":9,"column":74}},"3":{"start":{"line":7,"column":2},"end":{"line":9,"column":74}}},"branchMap":{},"l":{"1":1,"6":0,"7":0}},
"c:\\cleber.programmer\\rex\\src\\vDOM\\vExtendProperty.js":{"path":"c:\\cleber.programmer\\rex\\src\\vDOM\\vExtendProperty.js","s":{"1":1,"2":0,"3":0},"b":{},"f":{},"fnMap":{},"statementMap":{"1":{"start":{"line":1,"column":0},"end":{"line":9,"column":36}},"2":{"start":{"line":7,"column":1},"end":{"line":9,"column":34}},"3":{"start":{"line":9,"column":3},"end":{"line":9,"column":33}}},"branchMap":{},"l":{"1":1,"7":0,"9":0}},
"c:\\cleber.programmer\\rex\\src\\vDOM\\vExtendTextContent.js":{"path":"c:\\cleber.programmer\\rex\\src\\vDOM\\vExtendTextContent.js","s":{"1":1,"2":0,"3":0},"b":{},"f":{},"fnMap":{},"statementMap":{"1":{"start":{"line":1,"column":0},"end":{"line":9,"column":42}},"2":{"start":{"line":7,"column":1},"end":{"line":9,"column":40}},"3":{"start":{"line":9,"column":3},"end":{"line":9,"column":39}}},"branchMap":{},"l":{"1":1,"7":0,"9":0}},
"c:\\cleber.programmer\\rex\\src\\vDOM\\vNode.js":{"path":"c:\\cleber.programmer\\rex\\src\\vDOM\\vNode.js","s":{"1":1,"2":0,"3":0},"b":{},"f":{},"fnMap":{},"statementMap":{"1":{"start":{"line":1,"column":0},"end":{"line":7,"column":147}},"2":{"start":{"line":6,"column":1},"end":{"line":7,"column":145}},"3":{"start":{"line":7,"column":3},"end":{"line":7,"column":144}}},"branchMap":{},"l":{"1":1,"6":0,"7":0}},
"c:\\cleber.programmer\\rex\\src\\vDOM\\vProperties.js":{"path":"c:\\cleber.programmer\\rex\\src\\vDOM\\vProperties.js","s":{"1":1,"2":0,"3":0},"b":{"1":[0,0]},"f":{},"fnMap":{},"statementMap":{"1":{"start":{"line":1,"column":0},"end":{"line":8,"column":38}},"2":{"start":{"line":7,"column":1},"end":{"line":8,"column":36}},"3":{"start":{"line":8,"column":2},"end":{"line":8,"column":36}}},"branchMap":{"1":{"line":8,"type":"cond-expr","locations":[{"start":{"line":8,"column":23},"end":{"line":8,"column":31}},{"start":{"line":8,"column":34},"end":{"line":8,"column":36}}]}},"l":{"1":1,"7":0,"8":0}},
"c:\\cleber.programmer\\rex\\src\\vDOM\\vReflow.js":{"path":"c:\\cleber.programmer\\rex\\src\\vDOM\\vReflow.js","s":{"1":1,"2":0,"3":0,"4":0},"b":{},"f":{},"fnMap":{},"statementMap":{"1":{"start":{"line":1,"column":0},"end":{"line":11,"column":74}},"2":{"start":{"line":7,"column":2},"end":{"line":11,"column":72}},"3":{"start":{"line":9,"column":3},"end":{"line":11,"column":71}},"4":{"start":{"line":11,"column":5},"end":{"line":11,"column":70}}},"branchMap":{},"l":{"1":1,"7":0,"9":0,"11":0}},
"c:\\cleber.programmer\\rex\\src\\vDOM\\vRemoveNode.js":{"path":"c:\\cleber.programmer\\rex\\src\\vDOM\\vRemoveNode.js","s":{"1":1,"2":0,"3":0},"b":{},"f":{},"fnMap":{},"statementMap":{"1":{"start":{"line":1,"column":0},"end":{"line":7,"column":32}},"2":{"start":{"line":6,"column":1},"end":{"line":7,"column":30}},"3":{"start":{"line":7,"column":2},"end":{"line":7,"column":30}}},"branchMap":{},"l":{"1":1,"6":0,"7":0}},
"c:\\cleber.programmer\\rex\\src\\vDOM\\vRender.js":{"path":"c:\\cleber.programmer\\rex\\src\\vDOM\\vRender.js","s":{"1":1,"2":0},"b":{},"f":{},"fnMap":{},"statementMap":{"1":{"start":{"line":1,"column":0},"end":{"line":9,"column":27}},"2":{"start":{"line":7,"column":1},"end":{"line":9,"column":25}}},"branchMap":{},"l":{"1":1,"7":0}},
"c:\\cleber.programmer\\rex\\src\\vDOM\\vRepaint.js":{"path":"c:\\cleber.programmer\\rex\\src\\vDOM\\vRepaint.js","s":{"1":1,"2":0,"3":0,"4":0,"5":0,"6":0},"b":{},"f":{},"fnMap":{},"statementMap":{"1":{"start":{"line":1,"column":0},"end":{"line":15,"column":21}},"2":{"start":{"line":7,"column":1},"end":{"line":15,"column":19}},"3":{"start":{"line":9,"column":3},"end":{"line":9,"column":19}},"4":{"start":{"line":11,"column":3},"end":{"line":11,"column":19}},"5":{"start":{"line":13,"column":3},"end":{"line":13,"column":36}},"6":{"start":{"line":15,"column":3},"end":{"line":15,"column":4}}},"branchMap":{},"l":{"1":1,"7":0,"9":0,"11":0,"13":0,"15":0}},
"c:\\cleber.programmer\\rex\\src\\vDOM\\vReplaceNode.js":{"path":"c:\\cleber.programmer\\rex\\src\\vDOM\\vReplaceNode.js","s":{"1":1,"2":0,"3":0},"b":{},"f":{},"fnMap":{},"statementMap":{"1":{"start":{"line":1,"column":0},"end":{"line":8,"column":49}},"2":{"start":{"line":7,"column":1},"end":{"line":8,"column":47}},"3":{"start":{"line":8,"column":2},"end":{"line":8,"column":47}}},"branchMap":{},"l":{"1":1,"7":0,"8":0}},
"c:\\cleber.programmer\\rex\\src\\vDOM\\vTag.js":{"path":"c:\\cleber.programmer\\rex\\src\\vDOM\\vTag.js","s":{"1":1,"2":0,"3":0,"4":0},"b":{},"f":{},"fnMap":{},"statementMap":{"1":{"start":{"line":1,"column":0},"end":{"line":147,"column":117}},"2":{"start":{"line":6,"column":2},"end":{"line":147,"column":115}},"3":{"start":{"line":147,"column":6},"end":{"line":147,"column":108}},"4":{"start":{"line":147,"column":60},"end":{"line":147,"column":96}}},"branchMap":{},"l":{"1":1,"6":0,"147":0}},
"c:\\cleber.programmer\\rex\\src\\vDOM\\vText.js":{"path":"c:\\cleber.programmer\\rex\\src\\vDOM\\vText.js","s":{"1":1,"2":0,"3":0},"b":{},"f":{},"fnMap":{},"statementMap":{"1":{"start":{"line":1,"column":0},"end":{"line":7,"column":86}},"2":{"start":{"line":6,"column":1},"end":{"line":7,"column":84}},"3":{"start":{"line":7,"column":3},"end":{"line":7,"column":83}}},"branchMap":{},"l":{"1":1,"6":0,"7":0}}}
