TN:
SF:c:\cleber.programmer\rex\dist\rex.js
FN:3,(anonymous_1)
FN:10,Rex
FN:17,onload
FN:18,(anonymous_4)
FN:30,get
FN:37,(anonymous_6)
FN:44,(anonymous_7)
FN:51,(anonymous_8)
FN:59,(anonymous_9)
FN:60,(anonymous_10)
FN:68,(anonymous_11)
FN:75,(anonymous_12)
FN:82,(anonymous_13)
FN:89,(anonymous_14)
FN:96,(anonymous_15)
FN:108,(anonymous_16)
FN:113,(anonymous_17)
FN:118,(anonymous_18)
FN:127,(anonymous_19)
FN:127,sliceIterator
FN:127,(anonymous_21)
FN:129,(anonymous_22)
FN:136,(anonymous_23)
FN:141,(anonymous_24)
FN:174,(anonymous_25)
FN:183,(anonymous_26)
FN:190,(anonymous_27)
FN:203,(anonymous_28)
FN:204,curry
FN:216,(anonymous_30)
FN:225,(anonymous_31)
FN:232,(anonymous_32)
FN:244,(anonymous_33)
FN:245,(anonymous_34)
FN:246,(anonymous_35)
FN:258,(anonymous_36)
FN:271,(anonymous_37)
FN:279,(anonymous_38)
FN:286,(anonymous_39)
FN:286,sliceIterator
FN:286,(anonymous_41)
FN:288,(anonymous_42)
FN:299,(anonymous_43)
FN:304,(anonymous_44)
FN:306,(anonymous_45)
FN:314,(anonymous_46)
FN:324,(anonymous_47)
FN:326,(anonymous_48)
FN:334,(anonymous_49)
FN:345,(anonymous_50)
FN:351,(anonymous_51)
FN:358,(anonymous_52)
FN:358,sliceIterator
FN:358,(anonymous_54)
FN:360,(anonymous_55)
FN:372,(anonymous_56)
FN:377,(anonymous_57)
FN:384,(anonymous_58)
FN:393,(anonymous_59)
FN:398,(anonymous_60)
FN:410,(anonymous_61)
FN:420,(anonymous_62)
FN:427,(anonymous_63)
FN:440,(anonymous_64)
FN:447,(anonymous_65)
FN:454,(anonymous_66)
FN:460,(anonymous_67)
FN:467,(anonymous_68)
FN:480,(anonymous_69)
FN:487,(anonymous_70)
FN:488,(anonymous_71)
FN:496,(anonymous_72)
FN:503,(anonymous_73)
FN:510,(anonymous_74)
FN:519,(anonymous_75)
FN:528,(anonymous_76)
FN:539,(anonymous_77)
FN:546,(anonymous_78)
FN:552,(anonymous_79)
FN:559,(anonymous_80)
FN:573,(anonymous_81)
FN:580,(anonymous_82)
FN:589,(anonymous_83)
FN:596,(anonymous_84)
FN:604,(anonymous_85)
FN:611,_defineProperty
FN:613,(anonymous_87)
FN:621,(anonymous_88)
FN:628,(anonymous_89)
FN:636,(anonymous_90)
FN:643,(anonymous_91)
FN:650,(anonymous_92)
FN:651,(anonymous_93)
FN:659,(anonymous_94)
FN:665,(anonymous_95)
FN:672,(anonymous_96)
FN:689,(anonymous_97)
FN:706,(anonymous_98)
FN:708,(anonymous_99)
FN:710,(anonymous_100)
FN:712,(anonymous_101)
FN:719,(anonymous_102)
FN:727,(anonymous_103)
FN:734,(anonymous_104)
FN:748,(anonymous_105)
FN:749,(anonymous_106)
FN:757,_defineProperty
FN:759,(anonymous_108)
FN:765,(anonymous_109)
FNF:109
FNH:13
FNDA:1,(anonymous_1)
FNDA:126,Rex
FNDA:0,onload
FNDA:0,(anonymous_4)
FNDA:0,get
FNDA:0,(anonymous_6)
FNDA:0,(anonymous_7)
FNDA:0,(anonymous_8)
FNDA:0,(anonymous_9)
FNDA:0,(anonymous_10)
FNDA:0,(anonymous_11)
FNDA:0,(anonymous_12)
FNDA:0,(anonymous_13)
FNDA:0,(anonymous_14)
FNDA:0,(anonymous_15)
FNDA:0,(anonymous_16)
FNDA:0,(anonymous_17)
FNDA:0,(anonymous_18)
FNDA:1,(anonymous_19)
FNDA:0,sliceIterator
FNDA:0,(anonymous_21)
FNDA:0,(anonymous_22)
FNDA:0,(anonymous_23)
FNDA:0,(anonymous_24)
FNDA:0,(anonymous_25)
FNDA:0,(anonymous_26)
FNDA:0,(anonymous_27)
FNDA:0,(anonymous_28)
FNDA:0,curry
FNDA:0,(anonymous_30)
FNDA:0,(anonymous_31)
FNDA:1,(anonymous_32)
FNDA:70,(anonymous_33)
FNDA:0,(anonymous_34)
FNDA:0,(anonymous_35)
FNDA:0,(anonymous_36)
FNDA:0,(anonymous_37)
FNDA:0,(anonymous_38)
FNDA:1,(anonymous_39)
FNDA:0,sliceIterator
FNDA:6,(anonymous_41)
FNDA:1,(anonymous_42)
FNDA:6,(anonymous_43)
FNDA:0,(anonymous_44)
FNDA:0,(anonymous_45)
FNDA:0,(anonymous_46)
FNDA:0,(anonymous_47)
FNDA:0,(anonymous_48)
FNDA:0,(anonymous_49)
FNDA:0,(anonymous_50)
FNDA:0,(anonymous_51)
FNDA:1,(anonymous_52)
FNDA:0,sliceIterator
FNDA:13,(anonymous_54)
FNDA:1,(anonymous_55)
FNDA:13,(anonymous_56)
FNDA:0,(anonymous_57)
FNDA:0,(anonymous_58)
FNDA:0,(anonymous_59)
FNDA:0,(anonymous_60)
FNDA:0,(anonymous_61)
FNDA:0,(anonymous_62)
FNDA:0,(anonymous_63)
FNDA:0,(anonymous_64)
FNDA:0,(anonymous_65)
FNDA:0,(anonymous_66)
FNDA:0,(anonymous_67)
FNDA:0,(anonymous_68)
FNDA:0,(anonymous_69)
FNDA:0,(anonymous_70)
FNDA:0,(anonymous_71)
FNDA:0,(anonymous_72)
FNDA:0,(anonymous_73)
FNDA:0,(anonymous_74)
FNDA:0,(anonymous_75)
FNDA:0,(anonymous_76)
FNDA:0,(anonymous_77)
FNDA:0,(anonymous_78)
FNDA:0,(anonymous_79)
FNDA:0,(anonymous_80)
FNDA:0,(anonymous_81)
FNDA:0,(anonymous_82)
FNDA:0,(anonymous_83)
FNDA:0,(anonymous_84)
FNDA:0,(anonymous_85)
FNDA:0,_defineProperty
FNDA:0,(anonymous_87)
FNDA:0,(anonymous_88)
FNDA:0,(anonymous_89)
FNDA:0,(anonymous_90)
FNDA:0,(anonymous_91)
FNDA:0,(anonymous_92)
FNDA:0,(anonymous_93)
FNDA:0,(anonymous_94)
FNDA:0,(anonymous_95)
FNDA:0,(anonymous_96)
FNDA:0,(anonymous_97)
FNDA:0,(anonymous_98)
FNDA:0,(anonymous_99)
FNDA:0,(anonymous_100)
FNDA:0,(anonymous_101)
FNDA:0,(anonymous_102)
FNDA:0,(anonymous_103)
FNDA:0,(anonymous_104)
FNDA:0,(anonymous_105)
FNDA:0,(anonymous_106)
FNDA:0,_defineProperty
FNDA:0,(anonymous_108)
FNDA:0,(anonymous_109)
DA:3,1
DA:4,1
DA:11,126
DA:18,0
DA:19,0
DA:31,0
DA:35,1
DA:37,1
DA:38,0
DA:45,0
DA:49,1
DA:51,1
DA:52,0
DA:60,0
DA:61,0
DA:66,1
DA:68,1
DA:69,0
DA:76,0
DA:80,1
DA:82,1
DA:83,0
DA:90,0
DA:94,1
DA:96,1
DA:97,0
DA:98,0
DA:99,0
DA:100,0
DA:101,0
DA:109,0
DA:110,0
DA:113,0
DA:114,0
DA:115,0
DA:118,0
DA:119,0
DA:125,1
DA:127,1
DA:129,1
DA:130,0
DA:137,0
DA:138,0
DA:141,0
DA:142,0
DA:143,0
DA:144,0
DA:146,0
DA:147,0
DA:148,0
DA:150,0
DA:151,0
DA:152,0
DA:155,0
DA:156,0
DA:158,0
DA:159,0
DA:160,0
DA:163,0
DA:164,0
DA:172,1
DA:174,1
DA:175,0
DA:176,0
DA:177,0
DA:184,0
DA:188,1
DA:190,1
DA:191,0
DA:192,0
DA:193,0
DA:194,0
DA:195,0
DA:196,0
DA:197,0
DA:204,0
DA:205,0
DA:206,0
DA:209,0
DA:214,1
DA:216,1
DA:217,0
DA:218,0
DA:219,0
DA:226,0
DA:230,1
DA:232,1
DA:234,1
DA:245,70
DA:246,0
DA:247,0
DA:248,0
DA:251,0
DA:256,1
DA:258,1
DA:259,0
DA:260,0
DA:269,1
DA:271,1
DA:272,0
DA:273,0
DA:280,0
DA:284,1
DA:286,6
DA:288,1
DA:289,1
DA:300,6
DA:302,6
DA:303,6
DA:304,6
DA:305,0
DA:306,0
DA:307,0
DA:312,1
DA:314,1
DA:315,0
DA:316,0
DA:317,0
DA:318,0
DA:325,0
DA:326,0
DA:327,0
DA:332,1
DA:334,1
DA:335,0
DA:343,1
DA:345,1
DA:346,0
DA:352,0
DA:356,1
DA:358,13
DA:360,1
DA:362,1
DA:373,13
DA:375,13
DA:376,13
DA:377,13
DA:378,0
DA:382,1
DA:384,1
DA:385,0
DA:386,0
DA:387,0
DA:394,0
DA:395,0
DA:398,0
DA:399,0
DA:400,0
DA:403,0
DA:408,1
DA:410,1
DA:411,0
DA:412,0
DA:413,0
DA:414,0
DA:421,0
DA:425,1
DA:427,1
DA:428,0
DA:429,0
DA:438,1
DA:440,1
DA:441,0
DA:448,0
DA:452,1
DA:454,1
DA:455,0
DA:461,0
DA:465,1
DA:467,1
DA:468,0
DA:469,0
DA:478,1
DA:480,1
DA:481,0
DA:488,0
DA:489,0
DA:494,1
DA:496,1
DA:497,0
DA:498,0
DA:504,0
DA:508,1
DA:510,1
DA:511,0
DA:512,0
DA:513,0
DA:514,0
DA:520,0
DA:521,0
DA:522,0
DA:526,1
DA:528,1
DA:529,0
DA:530,0
DA:531,0
DA:532,0
DA:533,0
DA:540,0
DA:544,1
DA:546,1
DA:547,0
DA:553,0
DA:557,1
DA:559,1
DA:560,0
DA:561,0
DA:562,0
DA:563,0
DA:564,0
DA:565,0
DA:566,0
DA:567,0
DA:568,0
DA:574,0
DA:578,1
DA:580,1
DA:581,0
DA:582,0
DA:583,0
DA:590,0
DA:594,1
DA:596,1
DA:597,0
DA:598,0
DA:605,0
DA:609,1
DA:611,1
DA:613,1
DA:614,0
DA:615,0
DA:616,0
DA:622,0
DA:626,1
DA:628,1
DA:629,0
DA:630,0
DA:637,0
DA:641,1
DA:643,1
DA:644,0
DA:651,0
DA:652,0
DA:657,1
DA:659,1
DA:660,0
DA:666,0
DA:670,1
DA:672,1
DA:673,0
DA:674,0
DA:675,0
DA:676,0
DA:677,0
DA:678,0
DA:687,1
DA:689,1
DA:690,0
DA:691,0
DA:692,0
DA:693,0
DA:694,0
DA:695,0
DA:696,0
DA:697,0
DA:698,0
DA:699,0
DA:700,0
DA:707,0
DA:709,0
DA:711,0
DA:713,0
DA:717,1
DA:719,1
DA:720,0
DA:721,0
DA:728,0
DA:732,1
DA:734,1
DA:735,0
DA:736,0
DA:737,0
DA:749,0
DA:750,0
DA:755,1
DA:757,1
DA:759,1
DA:760,0
DA:766,0
LF:289
LH:100
BRDA:11,1,0,126
BRDA:11,1,1,0
BRDA:31,2,0,0
BRDA:31,2,1,0
BRDA:127,3,0,0
BRDA:127,3,1,0
BRDA:127,4,0,0
BRDA:127,4,1,0
BRDA:127,5,0,0
BRDA:127,5,1,0
BRDA:127,6,0,0
BRDA:127,6,1,0
BRDA:127,7,0,0
BRDA:127,7,1,0
BRDA:127,8,0,0
BRDA:127,8,1,0
BRDA:127,9,0,0
BRDA:127,9,1,0
BRDA:152,10,0,0
BRDA:152,10,1,0
BRDA:159,11,0,0
BRDA:159,11,1,0
BRDA:159,12,0,0
BRDA:159,12,1,0
BRDA:163,13,0,0
BRDA:163,13,1,0
BRDA:209,14,0,0
BRDA:209,14,1,0
BRDA:286,15,0,0
BRDA:286,15,1,0
BRDA:286,16,0,0
BRDA:286,16,1,0
BRDA:286,17,0,0
BRDA:286,17,1,0
BRDA:286,18,0,0
BRDA:286,18,1,0
BRDA:286,19,0,0
BRDA:286,19,1,0
BRDA:286,20,0,6
BRDA:286,20,1,0
BRDA:286,21,0,0
BRDA:286,21,1,0
BRDA:325,22,0,0
BRDA:325,22,1,0
BRDA:325,23,0,0
BRDA:325,23,1,0
BRDA:327,24,0,0
BRDA:327,24,1,0
BRDA:358,25,0,0
BRDA:358,25,1,0
BRDA:358,26,0,0
BRDA:358,26,1,0
BRDA:358,27,0,0
BRDA:358,27,1,0
BRDA:358,28,0,0
BRDA:358,28,1,0
BRDA:358,29,0,0
BRDA:358,29,1,0
BRDA:358,30,0,13
BRDA:358,30,1,0
BRDA:358,31,0,0
BRDA:358,31,1,0
BRDA:520,32,0,0
BRDA:520,32,1,0
BRDA:520,33,0,0
BRDA:520,33,1,0
BRDA:521,34,0,0
BRDA:521,34,1,0
BRDA:521,35,0,0
BRDA:521,35,1,0
BRDA:522,36,0,0
BRDA:522,36,1,0
BRDA:611,37,0,0
BRDA:611,37,1,0
BRDA:637,38,0,0
BRDA:637,38,1,0
BRDA:757,39,0,0
BRDA:757,39,1,0
BRF:78
BRH:3
end_of_record
